[debug] [2023-01-20T12:12:03.059Z] ----------------------------------------------------------------------
[debug] [2023-01-20T12:12:03.062Z] Command:       C:\Program Files\nodejs\node.exe C:\Users\Sohan\AppData\Roaming\npm\node_modules\firebase-tools\lib\bin\firebase.js init
[debug] [2023-01-20T12:12:03.063Z] CLI Version:   11.21.0
[debug] [2023-01-20T12:12:03.063Z] Platform:      win32
[debug] [2023-01-20T12:12:03.063Z] Node Version:  v16.16.0
[debug] [2023-01-20T12:12:03.065Z] Time:          Fri Jan 20 2023 17:42:03 GMT+0530 (India Standard Time)
[debug] [2023-01-20T12:12:03.066Z] ----------------------------------------------------------------------
[debug] 
[debug] [2023-01-20T12:12:03.078Z] > command requires scopes: ["email","openid","https://www.googleapis.com/auth/cloudplatformprojects.readonly","https://www.googleapis.com/auth/firebase","https://www.googleapis.com/auth/cloud-platform"]
[debug] [2023-01-20T12:12:03.079Z] > authorizing via signed-in user (sohamvvuvpg82@gmail.com)
[info] 
     ######## #### ########  ######## ########     ###     ######  ########
     ##        ##  ##     ## ##       ##     ##  ##   ##  ##       ##
     ######    ##  ########  ######   ########  #########  ######  ######
     ##        ##  ##    ##  ##       ##     ## ##     ##       ## ##
     ##       #### ##     ## ######## ########  ##     ##  ######  ########

You're about to initialize a Firebase project in this directory:

  C:\full stack\port-Soham

Before we get started, keep in mind:

  * You are currently outside your home directory

[info] 
=== Project Setup
[info] 
[info] First, let's associate this project directory with a Firebase project.
[info] You can create multiple project aliases by running firebase use --add, 
[info] but for now we'll just set up a default project.
[info] 
[debug] [2023-01-20T12:12:30.022Z] >>> [apiv2][query] GET https://firebase.googleapis.com/v1beta1/projects pageSize=100
[debug] [2023-01-20T12:12:31.163Z] <<< [apiv2][status] GET https://firebase.googleapis.com/v1beta1/projects 200
[debug] [2023-01-20T12:12:31.164Z] <<< [apiv2][body] GET https://firebase.googleapis.com/v1beta1/projects [omitted]
[info] i  Using project myportfolio-15742 (myportfolio) 
[info] 
=== Hosting Setup
[info] 
[info] Your public directory is the folder (relative to your project directory) that
[info] will contain Hosting assets to be uploaded with firebase deploy. If you
[info] have a build process for your assets, use your build's output directory.
[info] 
